<?xml version="1.0" encoding="UTF-8"?>
<testsuite name="com.aw.unity.es.ElasticUnityRunnerTest" time="0.889" tests="20" errors="0" skipped="0" failures="0">
  <properties>
[...]
</properties>
  <testcase name="lteTimestamp" classname="com.aw.unity.es.ElasticUnityRunnerTest" time="0.079"/>
  <testcase name="getIndices_DAYS" classname="com.aw.unity.es.ElasticUnityRunnerTest" time="0.042"/>
  <testcase name="buildSearchRequest_day" classname="com.aw.unity.es.ElasticUnityRunnerTest" time="0.057"/>
  <testcase name="startsWith" classname="com.aw.unity.es.ElasticUnityRunnerTest" time="0.022"/>
  <testcase name="missingValues" classname="com.aw.unity.es.ElasticUnityRunnerTest" time="0.022"/>
  <testcase name="exists" classname="com.aw.unity.es.ElasticUnityRunnerTest" time="0.019"/>
  <testcase name="missingField" classname="com.aw.unity.es.ElasticUnityRunnerTest" time="0.023"/>
  <testcase name="toFilterBuilder" classname="com.aw.unity.es.ElasticUnityRunnerTest" time="0.026"/>
  <testcase name="buildSearchRequest_hour" classname="com.aw.unity.es.ElasticUnityRunnerTest" time="0.036"/>
  <testcase name="contains" classname="com.aw.unity.es.ElasticUnityRunnerTest" time="0.018"/>
  <testcase name="between" classname="com.aw.unity.es.ElasticUnityRunnerTest" time="0.015"/>
  <testcase name="getIndices_WEEKS" classname="com.aw.unity.es.ElasticUnityRunnerTest" time="0.016"/>
  <testcase name="in" classname="com.aw.unity.es.ElasticUnityRunnerTest" time="0.019"/>
  <testcase name="gte" classname="com.aw.unity.es.ElasticUnityRunnerTest" time="0.015"/>
  <testcase name="lte" classname="com.aw.unity.es.ElasticUnityRunnerTest" time="0.014"/>
  <testcase name="matches" classname="com.aw.unity.es.ElasticUnityRunnerTest" time="0.024"/>
  <testcase name="betweenTimestamp" classname="com.aw.unity.es.ElasticUnityRunnerTest" time="0.014"/>
  <testcase name="missingOp" classname="com.aw.unity.es.ElasticUnityRunnerTest" time="0.014"/>
  <testcase name="buildSearchRequest_minute_lte" classname="com.aw.unity.es.ElasticUnityRunnerTest" time="0.399"/>
  <testcase name="gteTimestamp" classname="com.aw.unity.es.ElasticUnityRunnerTest" time="0.015"/>
</testsuite>